Reading file bigf.pls ....Please wait
Last character read from input file is: a 97
The input file bigf.pls has not been completely loaded.
Input file size: 33609

Printing buffer parameters:

The capacity of the buffer is:  200
The current size of the buffer is:  200
The operational mode of the buffer is:   0
The increment factor of the buffer is:  0
The current mark of the buffer is:  200
The value of the flags field is: FFFC

Printing buffer contents:

In Winter 2019 S^R said: Test your buffer... yada
C Data Types yada yada yada yada yada yada yada  
and Buffer Overflow yada yada yada yada yada yada
C Data Types yada yada yada yada yada yada yada  


Printing buffer parameters:

The capacity of the buffer is:  201
The current size of the buffer is:  201
The operational mode of the buffer is:   0
The increment factor of the buffer is:  0
The current mark of the buffer is:  201
The value of the flags field is: FFFE

Printing buffer contents:

In Winter 2019 S^R said: Test your buffer... yada
C Data Types yada yada yada yada yada yada yada  
and Buffer Overflow yada yada yada yada yada yada
C Data Types yada yada yada yada yada yada yada  
ÿ
