Reading file bigf.pls ....Please wait
Last character read from input file is: I 73
The input file bigf.pls has not been completely loaded.
Input file size: 33609

Printing buffer parameters:

The capacity of the buffer is:  0
The current size of the buffer is:  0
The operational mode of the buffer is:   0
The increment factor of the buffer is:  0
The current mark of the buffer is:  0
The value of the flags field is: FFFC

Printing buffer contents:

Empty buffer.

Printing buffer parameters:

The capacity of the buffer is:  1
The current size of the buffer is:  1
The operational mode of the buffer is:   0
The increment factor of the buffer is:  0
The current mark of the buffer is:  1
The value of the flags field is: FFFC

Printing buffer contents:

ÿ
